<?xml version="1.0" encoding="UTF-8"?>
<testsuite name="com.emperor.Emperor.Fleet.Vehicle.Management.System.Mono.EmperorFleetVehicleManagementSystemMonoApplicationTests" tests="1" skipped="0" failures="0" errors="0" timestamp="2023-09-16T14:31:15" hostname="ADEOLU-IACADEMY" time="1.534">
  <properties/>
  <testcase name="contextLoads()" classname="com.emperor.Emperor.Fleet.Vehicle.Management.System.Mono.EmperorFleetVehicleManagementSystemMonoApplicationTests" time="1.534"/>
  <system-out><![CDATA[15:30:57.392 [Test worker] INFO org.springframework.test.context.support.AnnotationConfigContextLoaderUtils -- Could not detect default configuration classes for test class [com.emperor.Emperor.Fleet.Vehicle.Management.System.Mono.EmperorFleetVehicleManagementSystemMonoApplicationTests]: EmperorFleetVehicleManagementSystemMonoApplicationTests does not declare any static, non-private, non-final, nested classes annotated with @Configuration.
15:30:57.633 [Test worker] INFO org.springframework.boot.test.context.SpringBootTestContextBootstrapper -- Found @SpringBootConfiguration com.emperor.Emperor.Fleet.Vehicle.Management.System.Mono.EmperorFleetVehicleManagementSystemMonoApplication for test class com.emperor.Emperor.Fleet.Vehicle.Management.System.Mono.EmperorFleetVehicleManagementSystemMonoApplicationTests

  .   ____          _            __ _ _
 /\\ / ___'_ __ _ _(_)_ __  __ _ \ \ \ \
( ( )\___ | '_ | '_| | '_ \/ _` | \ \ \ \
 \\/  ___)| |_)| | | | | || (_| |  ) ) ) )
  '  |____| .__|_| |_|_| |_\__, | / / / /
 =========|_|==============|___/=/_/_/_/
 :: Spring Boot ::                (v3.1.3)

2023-09-16T15:30:58.491+01:00  INFO 21968 --- [    Test worker] icleManagementSystemMonoApplicationTests : Starting EmperorFleetVehicleManagementSystemMonoApplicationTests using Java 20 with PID 21968 (started by Adeolu.Odunuyi in C:\Users\adeolu.odunuyi\Downloads\new project gradle monolithic\Emperor-Fleet-Vehicle-Management-System-Mono)
2023-09-16T15:30:58.494+01:00  INFO 21968 --- [    Test worker] icleManagementSystemMonoApplicationTests : No active profile set, falling back to 1 default profile: "default"
2023-09-16T15:31:00.668+01:00  INFO 21968 --- [    Test worker] .s.d.r.c.RepositoryConfigurationDelegate : Bootstrapping Spring Data JPA repositories in DEFAULT mode.
2023-09-16T15:31:00.944+01:00  INFO 21968 --- [    Test worker] .s.d.r.c.RepositoryConfigurationDelegate : Finished Spring Data repository scanning in 250 ms. Found 10 JPA repository interfaces.
2023-09-16T15:31:02.398+01:00  INFO 21968 --- [    Test worker] o.hibernate.jpa.internal.util.LogHelper  : HHH000204: Processing PersistenceUnitInfo [name: default]
2023-09-16T15:31:02.545+01:00  INFO 21968 --- [    Test worker] org.hibernate.Version                    : HHH000412: Hibernate ORM core version 6.2.7.Final
2023-09-16T15:31:02.550+01:00  INFO 21968 --- [    Test worker] org.hibernate.cfg.Environment            : HHH000406: Using bytecode reflection optimizer
2023-09-16T15:31:02.890+01:00  INFO 21968 --- [    Test worker] o.h.b.i.BytecodeProviderInitiator        : HHH000021: Bytecode provider name : bytebuddy
2023-09-16T15:31:03.157+01:00  INFO 21968 --- [    Test worker] o.s.o.j.p.SpringPersistenceUnitInfo      : No LoadTimeWeaver setup: ignoring JPA class transformer
2023-09-16T15:31:03.187+01:00  INFO 21968 --- [    Test worker] com.zaxxer.hikari.HikariDataSource       : HikariPool-1 - Starting...
2023-09-16T15:31:05.201+01:00  INFO 21968 --- [    Test worker] com.zaxxer.hikari.pool.HikariPool        : HikariPool-1 - Added connection com.mysql.cj.jdbc.ConnectionImpl@54997f67
2023-09-16T15:31:05.205+01:00  INFO 21968 --- [    Test worker] com.zaxxer.hikari.HikariDataSource       : HikariPool-1 - Start completed.
2023-09-16T15:31:05.865+01:00  INFO 21968 --- [    Test worker] o.h.b.i.BytecodeProviderInitiator        : HHH000021: Bytecode provider name : bytebuddy
2023-09-16T15:31:06.797+01:00  INFO 21968 --- [    Test worker] o.h.e.t.j.p.i.JtaPlatformInitiator       : HHH000490: Using JtaPlatform implementation: [org.hibernate.engine.transaction.jta.platform.internal.NoJtaPlatform]
2023-09-16T15:31:13.174+01:00  INFO 21968 --- [    Test worker] j.LocalContainerEntityManagerFactoryBean : Initialized JPA EntityManagerFactory for persistence unit 'default'
2023-09-16T15:31:13.472+01:00  INFO 21968 --- [    Test worker] o.s.d.j.r.query.QueryEnhancerFactory     : Hibernate is in classpath; If applicable, HQL parser will be used.
2023-09-16T15:31:14.363+01:00  WARN 21968 --- [    Test worker] JpaBaseConfiguration$JpaWebConfiguration : spring.jpa.open-in-view is enabled by default. Therefore, database queries may be performed during view rendering. Explicitly configure spring.jpa.open-in-view to disable this warning
2023-09-16T15:31:14.703+01:00  INFO 21968 --- [    Test worker] o.s.s.web.DefaultSecurityFilterChain     : Will secure any request with [org.springframework.security.web.session.DisableEncodeUrlFilter@15c900be, org.springframework.security.web.context.request.async.WebAsyncManagerIntegrationFilter@72bec302, org.springframework.security.web.context.SecurityContextHolderFilter@6705b98b, org.springframework.security.web.header.HeaderWriterFilter@65cfd565, org.springframework.web.filter.CorsFilter@5e9650d3, org.springframework.security.web.authentication.logout.LogoutFilter@73e2a3ae, com.emperor.Emperor.Fleet.Vehicle.Management.System.Mono.security.config.JwtAuthenticationFilter@ae2227, org.springframework.security.web.authentication.www.BasicAuthenticationFilter@301af154, org.springframework.security.web.savedrequest.RequestCacheAwareFilter@370bd951, org.springframework.security.web.servletapi.SecurityContextHolderAwareRequestFilter@2c4da654, org.springframework.security.web.authentication.AnonymousAuthenticationFilter@3947bad4, org.springframework.security.web.session.SessionManagementFilter@2ce987d7, org.springframework.security.web.access.ExceptionTranslationFilter@601e465f, org.springframework.security.web.access.intercept.AuthorizationFilter@2c6ee031]
2023-09-16T15:31:15.273+01:00  INFO 21968 --- [    Test worker] icleManagementSystemMonoApplicationTests : Started EmperorFleetVehicleManagementSystemMonoApplicationTests in 17.182 seconds (process running for 20.152)
]]></system-out>
  <system-err><![CDATA[]]></system-err>
</testsuite>
